# JRE version: OpenJDK Runtime Environment Corretto-21.0.2.13.1 (21.0.2+13) (build 21.0.2+13-LTS)
# Java VM: OpenJDK 64-Bit Server VM Corretto-21.0.2.13.1 (21.0.2+13-LTS, mixed mode, sharing, tiered, compressed oops, compressed class ptrs, g1 gc, windows-amd64)
GC Precious Log:
 CardTable entry size: 512
 Card Set container configuration: InlinePtr #cards 5 size 8 Array Of Cards #cards 12 size 40 Howl #buckets 4 coarsen threshold 1843 Howl Bitmap #cards 512 size 80 coarsen threshold 460 Card regions per heap region 1 cards per card region 2048
 CPUs: 12 total, 12 available
 Memory: 32648M
 Large Page Support: Disabled
 NUMA Support: Disabled
 Compressed Oops: Enabled (32-bit)
 Heap Region Size: 1M
 Heap Min Capacity: 256M
 Heap Initial Capacity: 256M
 Heap Max Capacity: 512M
 Pre-touch: Disabled
 Parallel Workers: 10
 Concurrent Workers: 3
 Concurrent Refinement Workers: 10
 Periodic GC: Disabled
Heap:
 garbage-first heap   total 262144K, used 184665K [0x00000000e0000000, 0x0000000100000000)
  region size 1024K, 151 young (154624K), 17 survivors (17408K)
 Metaspace       used 56617K, committed 58560K, reserved 393216K
  class space    used 8233K, committed 9152K, reserved 327680K
GC Heap History (15 events):
Event: 0.321 GC heap before
{Heap before GC invocations=0 (full 0):
 garbage-first heap   total 262144K, used 27648K [0x00000000e0000000, 0x0000000100000000)
  region size 1024K, 23 young (23552K), 0 survivors (0K)
 Metaspace       used 3194K, committed 3328K, reserved 393216K
  class space    used 404K, committed 448K, reserved 327680K
}
Event: 0.323 GC heap after
{Heap after GC invocations=1 (full 0):
 garbage-first heap   total 262144K, used 10088K [0x00000000e0000000, 0x0000000100000000)
  region size 1024K, 3 young (3072K), 3 survivors (3072K)
 Metaspace       used 3194K, committed 3328K, reserved 393216K
  class space    used 404K, committed 448K, reserved 327680K
}
Event: 0.529 GC heap before
{Heap before GC invocations=1 (full 0):
 garbage-first heap   total 262144K, used 39784K [0x00000000e0000000, 0x0000000100000000)
  region size 1024K, 32 young (32768K), 3 survivors (3072K)
 Metaspace       used 4164K, committed 4416K, reserved 393216K
  class space    used 504K, committed 640K, reserved 327680K
}
Event: 0.532 GC heap after
{Heap after GC invocations=2 (full 0):
 garbage-first heap   total 262144K, used 14407K [0x00000000e0000000, 0x0000000100000000)
  region size 1024K, 4 young (4096K), 4 survivors (4096K)
 Metaspace       used 4164K, committed 4416K, reserved 393216K
  class space    used 504K, committed 640K, reserved 327680K
}
Event: 1.470 GC heap before
{Heap before GC invocations=2 (full 0):
 garbage-first heap   total 262144K, used 111687K [0x00000000e0000000, 0x0000000100000000)
  region size 1024K, 101 young (103424K), 4 survivors (4096K)
 Metaspace       used 20782K, committed 21504K, reserved 393216K
  class space    used 3043K, committed 3392K, reserved 327680K
}
Event: 1.476 GC heap after
{Heap after GC invocations=3 (full 0):
 garbage-first heap   total 262144K, used 22448K [0x00000000e0000000, 0x0000000100000000)
  region size 1024K, 12 young (12288K), 12 survivors (12288K)
 Metaspace       used 20782K, committed 21504K, reserved 393216K
  class space    used 3043K, committed 3392K, reserved 327680K
}
Event: 2.222 GC heap before
{Heap before GC invocations=4 (full 0):
 garbage-first heap   total 262144K, used 130992K [0x00000000e0000000, 0x0000000100000000)
  region size 1024K, 119 young (121856K), 12 survivors (12288K)
 Metaspace       used 34740K, committed 35968K, reserved 393216K
  class space    used 4983K, committed 5632K, reserved 327680K
}
Event: 2.229 GC heap after
{Heap after GC invocations=5 (full 0):
 garbage-first heap   total 262144K, used 31333K [0x00000000e0000000, 0x0000000100000000)
  region size 1024K, 16 young (16384K), 16 survivors (16384K)
 Metaspace       used 34740K, committed 35968K, reserved 393216K
  class space    used 4983K, committed 5632K, reserved 327680K
}
Event: 2.248 GC heap before
{Heap before GC invocations=5 (full 0):
 garbage-first heap   total 262144K, used 33381K [0x00000000e0000000, 0x0000000100000000)
  region size 1024K, 19 young (19456K), 16 survivors (16384K)
 Metaspace       used 35045K, committed 36288K, reserved 393216K
  class space    used 5041K, committed 5696K, reserved 327680K
}
Event: 2.253 GC heap after
{Heap after GC invocations=6 (full 0):
 garbage-first heap   total 262144K, used 32128K [0x00000000e0000000, 0x0000000100000000)
  region size 1024K, 9 young (9216K), 9 survivors (9216K)
 Metaspace       used 35045K, committed 36288K, reserved 393216K
  class space    used 5041K, committed 5696K, reserved 327680K
}
Event: 2.272 GC heap before
{Heap before GC invocations=6 (full 0):
 garbage-first heap   total 262144K, used 34176K [0x00000000e0000000, 0x0000000100000000)
  region size 1024K, 12 young (12288K), 9 survivors (9216K)
 Metaspace       used 35395K, committed 36608K, reserved 393216K
  class space    used 5094K, committed 5696K, reserved 327680K
}
Event: 2.275 GC heap after
{Heap after GC invocations=7 (full 0):
 garbage-first heap   total 262144K, used 31650K [0x00000000e0000000, 0x0000000100000000)
  region size 1024K, 9 young (9216K), 9 survivors (9216K)
 Metaspace       used 35395K, committed 36608K, reserved 393216K
  class space    used 5094K, committed 5696K, reserved 327680K
}
Event: 3.271 GC heap before
{Heap before GC invocations=8 (full 0):
 garbage-first heap   total 262144K, used 185250K [0x00000000e0000000, 0x0000000100000000)
  region size 1024K, 153 young (156672K), 9 survivors (9216K)
 Metaspace       used 49316K, committed 51008K, reserved 393216K
  class space    used 7054K, committed 7872K, reserved 327680K
}
Event: 3.280 GC heap after
{Heap after GC invocations=9 (full 0):
 garbage-first heap   total 262144K, used 42329K [0x00000000e0000000, 0x0000000100000000)
  region size 1024K, 19 young (19456K), 19 survivors (19456K)
 Metaspace       used 49316K, committed 51008K, reserved 393216K
  class space    used 7054K, committed 7872K, reserved 327680K
}
Event: 4.177 GC heap before
{Heap before GC invocations=9 (full 0):
 garbage-first heap   total 262144K, used 183641K [0x00000000e0000000, 0x0000000100000000)
  region size 1024K, 153 young (156672K), 19 survivors (19456K)
 Metaspace       used 56617K, committed 58560K, reserved 393216K
  class space    used 8233K, committed 9152K, reserved 327680K
}

